This is e-pTeX, Version 3.141592653-p4.1.0-230214-2.6 (utf8.sjis) (TeX Live 2023) (preloaded format=platex 2023.4.20)  8 JUL 2023 20:41
entering extended mode
 \write18 enabled.
 file:line:error style messages enabled.
 %&-line parsing enabled.
**d:/Kosen/jikkenII/random/Report/random.tex
(d:/Kosen/jikkenII/random/Report/random.tex
pLaTeX2e <2023-02-14>+1 (based on LaTeX2e <2022-11-01> patch level 1)
L3 programming layer <2023-03-30> (c:/texlive/2023/texmf-dist/tex/platex/base/jarticle.cls
Document Class: jarticle 2020/09/30 v1.8f Standard pLaTeX class
\c@@paper=\count184
(c:/texlive/2023/texmf-dist/tex/platex/base/jsize10.clo
File: jsize10.clo 2020/09/30 v1.8f Standard pLaTeX file (size option)
)
\c@part=\count185
\c@section=\count186
\c@subsection=\count187
\c@subsubsection=\count188
\c@paragraph=\count189
\c@subparagraph=\count190
\c@figure=\count191
\c@table=\count192
\abovecaptionskip=\skip48
\belowcaptionskip=\skip49
\symmincho=\mathgroup4
LaTeX Font Info:    Overwriting symbol font `mincho' in version `bold'
(Font)                  JY1/mc/m/n --> JY1/gt/m/n on input line 615.
\toclineskip=\dimen156
\@lnumwidth=\dimen157
\bibindent=\dimen158
\heisei=\count193
) (c:/texlive/2023/texmf-dist/tex/latex/xcolor/xcolor.sty
Package: xcolor 2022/06/12 v2.14 LaTeX color extensions (UK)
(c:/texlive/2023/texmf-dist/tex/latex/graphics-cfg/color.cfg
File: color.cfg 2016/01/02 v1.6 sample color configuration
)
Package xcolor Info: Driver file: dvips.def on input line 227.
(c:/texlive/2023/texmf-dist/tex/latex/graphics-def/dvips.def
File: dvips.def 2022/09/22 v3.1e Graphics/color driver for dvips
) (c:/texlive/2023/texmf-dist/tex/latex/colortbl/colortbl.sty
Package: colortbl 2022/06/20 v1.0f Color table columns (DPC)
(c:/texlive/2023/texmf-dist/tex/latex/tools/array.sty
Package: array 2022/09/04 v2.5g Tabular extension package (FMi)
\col@sep=\dimen159
\ar@mcellbox=\box68
\extrarowheight=\dimen160
\NC@list=\toks17
\extratabsurround=\skip50
\backup@length=\skip51
\ar@cellbox=\box69
)
\everycr=\toks18
\minrowclearance=\skip52
\rownum=\count194
) (c:/texlive/2023/texmf-dist/tex/latex/graphics/mathcolor.ltx)
Package xcolor Info: Model `cmy' substituted by `cmy0' on input line 1353.
Package xcolor Info: Model `RGB' extended on input line 1369.
Package xcolor Info: Model `HTML' substituted by `rgb' on input line 1371.
Package xcolor Info: Model `Hsb' substituted by `hsb' on input line 1372.
Package xcolor Info: Model `tHsb' substituted by `hsb' on input line 1373.
Package xcolor Info: Model `HSB' substituted by `hsb' on input line 1374.
Package xcolor Info: Model `Gray' substituted by `gray' on input line 1375.
Package xcolor Info: Model `wave' substituted by `hsb' on input line 1376.
) (c:/texlive/2023/texmf-dist/tex/latex/graphics/graphicx.sty
Package: graphicx 2021/09/16 v1.2d Enhanced LaTeX Graphics (DPC,SPQR)
(c:/texlive/2023/texmf-dist/tex/latex/graphics/keyval.sty
Package: keyval 2022/05/29 v1.15 key=value parser (DPC)
\KV@toks@=\toks19
) (c:/texlive/2023/texmf-dist/tex/latex/graphics/graphics.sty
Package: graphics 2022/03/10 v1.4e Standard LaTeX Graphics (DPC,SPQR)
(c:/texlive/2023/texmf-dist/tex/latex/graphics/trig.sty
Package: trig 2021/08/11 v1.11 sin cos tan (DPC)
) (c:/texlive/2023/texmf-dist/tex/latex/graphics-cfg/graphics.cfg
File: graphics.cfg 2016/06/04 v1.11 sample graphics configuration
)
Package graphics Info: Driver file: dvipdfmx.def on input line 107.
(c:/texlive/2023/texmf-dist/tex/latex/graphics-def/dvipdfmx.def
File: dvipdfmx.def 2022/09/22 v5.0m Graphics/color driver for dvipdfmx
))
\Gin@req@height=\dimen161
\Gin@req@width=\dimen162
) (c:/texlive/2023/texmf-dist/tex/latex/caption/caption.sty
Package: caption 2023/03/12 v3.6j Customizing captions (AR)
(c:/texlive/2023/texmf-dist/tex/latex/caption/caption3.sty
Package: caption3 2023/03/12 v2.4 caption3 kernel (AR)
\caption@tempdima=\dimen163
\captionmargin=\dimen164
\caption@leftmargin=\dimen165
\caption@rightmargin=\dimen166
\caption@width=\dimen167
\caption@indent=\dimen168
\caption@parindent=\dimen169
\caption@hangindent=\dimen170
Package caption Info: Unknown document class (or package),
(caption)             standard defaults will be used.
Package caption Info: \@makecaption = \long macro:#1#2->\vskip \abovecaptionskip \iftdir \sbox \@tempboxa {#1\hskip 1zw#2}\else \sbox \@tempboxa {#1: #2}\fi \ifdim \wd \@tempboxa >\hsize \iftdir #1\hskip 1zw#2\relax \par \else #1: #2\relax \par \fi \else \global \@minipagefalse \hb@xt@ \hsize {\hfil \box \@tempboxa \hfil }\fi \vskip \belowcaptionskip  on input line 1176.
)

Package caption Warning: Unknown document class (or package),
(caption)                standard defaults will be used.
See the caption package documentation for explanation.

\c@caption@flags=\count195
\c@continuedfloat=\count196
) (c:/texlive/2023/texmf-dist/tex/latex/caption/subcaption.sty
Package: subcaption 2023/02/19 v1.6 Sub-captions (AR)
Package caption Info: New subtype `subfigure' on input line 239.
\c@subfigure=\count197
Package caption Info: New subtype `subtable' on input line 239.
\c@subtable=\count198
) (c:/texlive/2023/texmf-dist/tex/latex/listings/listings.sty
\lst@mode=\count199
\lst@gtempboxa=\box70
\lst@token=\toks20
\lst@length=\count266
\lst@currlwidth=\dimen171
\lst@column=\count267
\lst@pos=\count268
\lst@lostspace=\dimen172
\lst@width=\dimen173
\lst@newlines=\count269
\lst@lineno=\count270
\lst@maxwidth=\dimen174
(c:/texlive/2023/texmf-dist/tex/latex/listings/lstmisc.sty
File: lstmisc.sty 2023/02/27 1.9 (Carsten Heinz)
\c@lstnumber=\count271
\lst@skipnumbers=\count272
\lst@framebox=\box71
) (c:/texlive/2023/texmf-dist/tex/latex/listings/listings.cfg
File: listings.cfg 2023/02/27 1.9 listings configuration
))
Package: listings 2023/02/27 1.9 (Carsten Heinz)
(c:/texlive/2023/texmf-dist/tex/latex/fancybox/fancybox.sty
Package: fancybox 2010/05/15 1.4
Style option: `fancybox' v1.4 <2010/05/15> (tvz)
\@fancybox=\box72
\shadowsize=\dimen175
\@Sbox=\box73
\do@VerbBox=\toks21
\the@fancyput=\toks22
\this@fancyput=\toks23
\EndVerbatimTokens=\toks24
\Verbatim@Outfile=\write3
\Verbatim@Infile=\read2
) (c:/texlive/2023/texmf-dist/tex/latex/ascmac/ascmac.sty
Package: ascmac 2020/01/15 v2.1 ascmac wrapper (community edition) 
(c:/texlive/2023/texmf-dist/tex/latex/ascmac/tascmac.sty
Package: tascmac 2020/01/15 v2.1 ascmac package (community edition) 
\@savetbaselineshift=\dimen176
\@saveybaselineshift=\dimen177
\scb@x=\box74
\scscb@x=\box75
\@bw=\dimen178
\@nbox=\box76
\@nbody=\box77
\@scw=\dimen179
\ascmac@hoboxa=\box78
\ascmac@hoboxb=\box79
\@itemh=\dimen180
\@iboxpos=\toks25
\@iboxstr=\box80
\@bwsp=\box81
\@@bwsp=\box82
\@bcal=\count273
\shaderule=\dimen181
)) (c:/texlive/2023/texmf-dist/tex/latex/amsmath/amsmath.sty
Package: amsmath 2022/04/08 v2.17n AMS math features
\@mathmargin=\skip53
For additional information on amsmath, use the `?' option.
(c:/texlive/2023/texmf-dist/tex/latex/amsmath/amstext.sty
Package: amstext 2021/08/26 v2.01 AMS text
(c:/texlive/2023/texmf-dist/tex/latex/amsmath/amsgen.sty
File: amsgen.sty 1999/11/30 v2.0 generic functions
\@emptytoks=\toks26
\ex@=\dimen182
)) (c:/texlive/2023/texmf-dist/tex/latex/amsmath/amsbsy.sty
Package: amsbsy 1999/11/29 v1.2d Bold Symbols
\pmbraise@=\dimen183
) (c:/texlive/2023/texmf-dist/tex/latex/amsmath/amsopn.sty
Package: amsopn 2022/04/08 v2.04 operator names
)
\inf@bad=\count274
LaTeX Info: Redefining \frac on input line 234.
\uproot@=\count275
\leftroot@=\count276
LaTeX Info: Redefining \overline on input line 399.
LaTeX Info: Redefining \colon on input line 410.
\classnum@=\count277
\DOTSCASE@=\count278
LaTeX Info: Redefining \ldots on input line 496.
LaTeX Info: Redefining \dots on input line 499.
LaTeX Info: Redefining \cdots on input line 620.
\Mathstrutbox@=\box83
\strutbox@=\box84
LaTeX Info: Redefining \big on input line 722.
LaTeX Info: Redefining \Big on input line 723.
LaTeX Info: Redefining \bigg on input line 724.
LaTeX Info: Redefining \Bigg on input line 725.
\big@size=\dimen184
LaTeX Font Info:    Redeclaring font encoding OML on input line 743.
LaTeX Font Info:    Redeclaring font encoding OMS on input line 744.
\macc@depth=\count279
LaTeX Info: Redefining \bmod on input line 905.
LaTeX Info: Redefining \pmod on input line 910.
LaTeX Info: Redefining \smash on input line 940.
LaTeX Info: Redefining \relbar on input line 970.
LaTeX Info: Redefining \Relbar on input line 971.
\c@MaxMatrixCols=\count280
\dotsspace@=\muskip16
\c@parentequation=\count281
\dspbrk@lvl=\count282
\tag@help=\toks27
\row@=\count283
\column@=\count284
\maxfields@=\count285
\andhelp@=\toks28
\eqnshift@=\dimen185
\alignsep@=\dimen186
\tagshift@=\dimen187
\tagwidth@=\dimen188
\totwidth@=\dimen189
\lineht@=\dimen190
\@envbody=\toks29
\multlinegap=\skip54
\multlinetaggap=\skip55
\mathdisplay@stack=\toks30
LaTeX Info: Redefining \[ on input line 2953.
LaTeX Info: Redefining \] on input line 2954.
) (c:/texlive/2023/texmf-dist/tex/latex/tools/longtable.sty
Package: longtable 2021-09-01 v4.17 Multi-page Table package (DPC)
\LTleft=\skip56
\LTright=\skip57
\LTpre=\skip58
\LTpost=\skip59
\LTchunksize=\count286
\LTcapwidth=\dimen191
\LT@head=\box85
\LT@firsthead=\box86
\LT@foot=\box87
\LT@lastfoot=\box88
\LT@gbox=\box89
\LT@cols=\count287
\LT@rows=\count288
\c@LT@tables=\count289
\c@LT@chunks=\count290
\LT@p@ftn=\toks31
) (c:/texlive/2023/texmf-dist/tex/latex/subfig/subfig.sty
Package: subfig 2005/06/28 ver: 1.3 subfig package
\c@KVtest=\count291
\sf@farskip=\skip60
\sf@captopadj=\dimen192
\sf@capskip=\skip61
\sf@nearskip=\skip62
\sf@top=\skip63
\sf@bottom=\skip64
) (c:/texlive/2023/texmf-dist/tex/latex/l3backend/l3backend-dvips.def
File: l3backend-dvips.def 2023-03-30 L3 backend support: dvips
\l__pdf_internal_box=\box90
\g__pdf_backend_object_int=\count292
\l__pdf_backend_content_box=\box91
\l__pdf_backend_model_box=\box92
\g__pdf_backend_annotation_int=\count293
\g__pdf_backend_link_int=\count294
\g__pdf_backend_link_sf_int=\count295
) (out/random.aux)
\openout1 = `random.aux'.

LaTeX Font Info:    Checking defaults for OML/cmm/m/it on input line 42.
LaTeX Font Info:    ... okay on input line 42.
LaTeX Font Info:    Checking defaults for OMS/cmsy/m/n on input line 42.
LaTeX Font Info:    ... okay on input line 42.
LaTeX Font Info:    Checking defaults for OT1/cmr/m/n on input line 42.
LaTeX Font Info:    ... okay on input line 42.
LaTeX Font Info:    Checking defaults for T1/cmr/m/n on input line 42.
LaTeX Font Info:    ... okay on input line 42.
LaTeX Font Info:    Checking defaults for TS1/cmr/m/n on input line 42.
LaTeX Font Info:    ... okay on input line 42.
LaTeX Font Info:    Checking defaults for OMX/cmex/m/n on input line 42.
LaTeX Font Info:    ... okay on input line 42.
LaTeX Font Info:    Checking defaults for U/cmr/m/n on input line 42.
LaTeX Font Info:    ... okay on input line 42.
LaTeX Font Info:    Checking defaults for JY1/mc/m/n on input line 42.
LaTeX Font Info:    ... okay on input line 42.
LaTeX Font Info:    Checking defaults for JT1/mc/m/n on input line 42.
LaTeX Font Info:    ... okay on input line 42.
Package caption Info: Begin \AtBeginDocument code.
Package caption Info: subfig package v1.3 is loaded.
Package caption Info: listings package is loaded.
Package caption Info: longtable package is loaded.
(c:/texlive/2023/texmf-dist/tex/latex/caption/ltcaption.sty
Package: ltcaption 2021/01/08 v1.4c longtable captions (AR)
)
Package caption Info: End \AtBeginDocument code.
\c@lstlisting=\count296
[1

]
LaTeX Font Info:    Font shape `JT1/mc/bx/n' in size <14.4> not available
(Font)              Font shape `JT1/gt/m/n' tried instead on input line 61.
LaTeX Font Info:    Font shape `JY1/mc/bx/n' in size <14.4> not available
(Font)              Font shape `JY1/gt/m/n' tried instead on input line 61.
(out/random.toc
LaTeX Font Info:    Font shape `JT1/mc/bx/n' in size <10> not available
(Font)              Font shape `JT1/gt/m/n' tried instead on input line 1.
LaTeX Font Info:    Font shape `JY1/mc/bx/n' in size <10> not available
(Font)              Font shape `JY1/gt/m/n' tried instead on input line 1.
[2

])
\tf@toc=\write4
\openout4 = `random.toc'.

[3]
LaTeX Font Info:    Font shape `JT1/mc/bx/n' in size <12> not available
(Font)              Font shape `JT1/gt/m/n' tried instead on input line 65.
LaTeX Font Info:    Font shape `JY1/mc/bx/n' in size <12> not available
(Font)              Font shape `JY1/gt/m/n' tried instead on input line 65.
[4

] (c:/texlive/2023/texmf-dist/tex/latex/listings/lstlang1.sty
File: lstlang1.sty 2023/02/27 1.9 listings language file
) (c:/texlive/2023/texmf-dist/tex/latex/listings/lstmisc.sty
File: lstmisc.sty 2023/02/27 1.9 (Carsten Heinz)
) (d:/Kosen/jikkenII/random/Dir_Dice/dice.c [5] [6]) [7]
File: ../Dir_Dice/img_result4.png Graphic file (type bmp)
<../Dir_Dice/img_result4.png>

Overfull \hbox (50.42763pt too wide) in paragraph at lines 179--182
 [][] 
 []

File: ../Dir_Dice/img_error4.png Graphic file (type bmp)
<../Dir_Dice/img_error4.png>

Overfull \hbox (48.41057pt too wide) in paragraph at lines 187--189
[][] 
 []

[8]
File: ../Dir_Dice/img_result5.png Graphic file (type bmp)
<../Dir_Dice/img_result5.png>

Overfull \hbox (56.4788pt too wide) in paragraph at lines 227--230
 [][] 
 []

File: ../Dir_Dice/img_error5.png Graphic file (type bmp)
<../Dir_Dice/img_error5.png>

Overfull \hbox (48.41057pt too wide) in paragraph at lines 235--237
[][] 
 []

[9]
File: ../Dir_Dice/img_result6.png Graphic file (type bmp)
<../Dir_Dice/img_result6.png>

Overfull \hbox (52.94896pt too wide) in paragraph at lines 275--278
 [][] 
 []

File: ../Dir_Dice/img_error6.png Graphic file (type bmp)
<../Dir_Dice/img_error6.png>

Overfull \hbox (48.41057pt too wide) in paragraph at lines 283--285
[][] 
 []

[10] (d:/Kosen/jikkenII/random/Dir_Area/area.c [11] [12])
Overfull \hbox (11.70494pt too wide) in alignment at lines 330--336
 [] [] [] [] [] [] [] 
 []


Overfull \hbox (11.70494pt too wide) in alignment at lines 336--338
 [] [] [] [] [] [] [] 
 []


Overfull \hbox (11.70494pt too wide) in alignment at lines 338--348
 [] [] [] [] [] [] [] 
 []

File: ../Dir_Area/img_area7.png Graphic file (type bmp)
<../Dir_Area/img_area7.png>

Overfull \hbox (50.9319pt too wide) in paragraph at lines 356--358
 [][] 
 []

File: ../Dir_Area/img_error7.png Graphic file (type bmp)
<../Dir_Area/img_error7.png>

Overfull \hbox (45.38498pt too wide) in paragraph at lines 363--365
[][] 
 []

[13]
File: ../Dir_Area/img_area10.png Graphic file (type bmp)
<../Dir_Area/img_area10.png>

Overfull \hbox (50.9319pt too wide) in paragraph at lines 403--405
 [][] 
 []

File: ../Dir_Area/img_error10.png Graphic file (type bmp)
<../Dir_Area/img_error10.png>

Overfull \hbox (45.38498pt too wide) in paragraph at lines 410--412
[][] 
 []

[14] (d:/Kosen/jikkenII/random/Dir_Height/height.c [15] [16]) [17] [18]
File: ../Dir_Height/img_height.png Graphic file (type bmp)
<../Dir_Height/img_height.png>

Overfull \hbox (45.38498pt too wide) in paragraph at lines 489--491
 [][] 
 []

File: ../Dir_Height/img_error.png Graphic file (type bmp)
<../Dir_Height/img_error.png>

Overfull \hbox (45.38498pt too wide) in paragraph at lines 496--498
[][] 
 []

(d:/Kosen/jikkenII/random/Dir_Coin/coin.c [19

] [20]) [21]
File: ../Dir_Coin/img_coin5.png Graphic file (type bmp)
<../Dir_Coin/img_coin5.png>
[22]
File: ../Dir_Coin/img_coin6.png Graphic file (type bmp)
<../Dir_Coin/img_coin6.png>
[23]
File: ../Dir_Coin/img_coin7.png Graphic file (type bmp)
<../Dir_Coin/img_coin7.png>
(d:/Kosen/jikkenII/random/Dir_bingo_new/bingo.c [24

] [25] [26] [27] [28]) [29]
File: ../Dir_bingo_new/img_bingo1.png Graphic file (type bmp)
<../Dir_bingo_new/img_bingo1.png>
File: ../Dir_bingo_new/img_bingo2.png Graphic file (type bmp)
<../Dir_bingo_new/img_bingo2.png>
[30

]
File: ../Dir_bingo_new/img_bingo3.png Graphic file (type bmp)
<../Dir_bingo_new/img_bingo3.png>
[31

] [32] (out/random.aux) ) 
Here is how much of TeX's memory you used:
 6569 strings out of 478133
 103467 string characters out of 5841535
 2522481 words of memory out of 5000000
 26818 multiletter control sequences out of 15000+600000
 521347 words of font info for 70 fonts, out of 8000000 for 9000
 36 hyphenation exceptions out of 8191
 55i,11n,63p,487b,1937s stack positions out of 10000i,1000n,20000p,200000b,200000s

Output written on out/random.dvi (32 pages, 568924 bytes).
